{"E:\\h8\\P3\\final project\\inspect-corrupt-app\\server\\app.js": {"path":"E:\\h8\\P3\\final project\\inspect-corrupt-app\\server\\app.js","statementMap":{"0":{"start":{"line":1,"column":52},"end":{"line":1,"column":76}},"1":{"start":{"line":2,"column":13},"end":{"line":2,"column":28}},"2":{"start":{"line":3,"column":19},"end":{"line":3,"column":44}},"3":{"start":{"line":4,"column":19},"end":{"line":4,"column":44}},"4":{"start":{"line":5,"column":21},"end":{"line":5,"column":48}},"5":{"start":{"line":6,"column":23},"end":{"line":6,"column":52}},"6":{"start":{"line":7,"column":19},"end":{"line":7,"column":50}},"7":{"start":{"line":8,"column":20},"end":{"line":8,"column":50}},"8":{"start":{"line":9,"column":16},"end":{"line":9,"column":34}},"9":{"start":{"line":10,"column":24},"end":{"line":10,"column":50}},"10":{"start":{"line":11,"column":26},"end":{"line":11,"column":54}},"11":{"start":{"line":12,"column":22},"end":{"line":12,"column":32}},"12":{"start":{"line":14,"column":12},"end":{"line":14,"column":21}},"13":{"start":{"line":15,"column":17},"end":{"line":18,"column":1}},"14":{"start":{"line":20,"column":0},"end":{"line":20,"column":15}},"15":{"start":{"line":22,"column":15},"end":{"line":25,"column":2}},"16":{"start":{"line":27,"column":15},"end":{"line":29,"column":2}},"17":{"start":{"line":31,"column":16},"end":{"line":34,"column":1}},"18":{"start":{"line":32,"column":13},"end":{"line":32,"column":34}},"19":{"start":{"line":33,"column":2},"end":{"line":33,"column":16}},"20":{"start":{"line":37,"column":0},"end":{"line":37,"column":66}},"21":{"start":{"line":46,"column":0},"end":{"line":46,"column":33}}},"fnMap":{"0":{"name":"(anonymous_0)","decl":{"start":{"line":31,"column":16},"end":{"line":31,"column":17}},"loc":{"start":{"line":31,"column":28},"end":{"line":34,"column":1}},"line":31}},"branchMap":{},"s":{"0":4,"1":4,"2":4,"3":4,"4":4,"5":4,"6":4,"7":4,"8":4,"9":4,"10":4,"11":4,"12":4,"13":4,"14":4,"15":4,"16":4,"17":4,"18":0,"19":0,"20":4,"21":4},"f":{"0":0},"b":{},"_coverageSchema":"1a1c01bbd47fc00a2c39e90264f33305004495a9","hash":"9377894b64f6ce721786b893d3e31ac2e5c78197"}
,"E:\\h8\\P3\\final project\\inspect-corrupt-app\\server\\config\\database.js": {"path":"E:\\h8\\P3\\final project\\inspect-corrupt-app\\server\\config\\database.js","statementMap":{"0":{"start":{"line":1,"column":34},"end":{"line":1,"column":52}},"1":{"start":{"line":2,"column":30},"end":{"line":2,"column":62}},"2":{"start":{"line":4,"column":14},"end":{"line":4,"column":37}},"3":{"start":{"line":7,"column":20},"end":{"line":7,"column":72}},"4":{"start":{"line":8,"column":21},"end":{"line":8,"column":61}},"5":{"start":{"line":10,"column":15},"end":{"line":10,"column":73}},"6":{"start":{"line":12,"column":0},"end":{"line":12,"column":17}},"7":{"start":{"line":14,"column":11},"end":{"line":14,"column":34}},"8":{"start":{"line":16,"column":0},"end":{"line":16,"column":34}}},"fnMap":{},"branchMap":{"0":{"loc":{"start":{"line":7,"column":20},"end":{"line":7,"column":72}},"type":"binary-expr","locations":[{"start":{"line":7,"column":20},"end":{"line":7,"column":41}},{"start":{"line":7,"column":45},"end":{"line":7,"column":72}}],"line":7},"1":{"loc":{"start":{"line":8,"column":21},"end":{"line":8,"column":61}},"type":"binary-expr","locations":[{"start":{"line":8,"column":21},"end":{"line":8,"column":46}},{"start":{"line":8,"column":50},"end":{"line":8,"column":61}}],"line":8}},"s":{"0":4,"1":4,"2":4,"3":4,"4":4,"5":4,"6":4,"7":4,"8":4},"f":{},"b":{"0":[4,4],"1":[4,4]},"_coverageSchema":"1a1c01bbd47fc00a2c39e90264f33305004495a9","hash":"deefe5887e92f5c7d2a28e86f282a2c6cb5a3e4a"}
,"E:\\h8\\P3\\final project\\inspect-corrupt-app\\server\\helpers\\encrypt.js": {"path":"E:\\h8\\P3\\final project\\inspect-corrupt-app\\server\\helpers\\encrypt.js","statementMap":{"0":{"start":{"line":1,"column":15},"end":{"line":1,"column":34}},"1":{"start":{"line":5,"column":4},"end":{"line":5,"column":61}},"2":{"start":{"line":9,"column":4},"end":{"line":9,"column":48}},"3":{"start":{"line":13,"column":0},"end":{"line":13,"column":25}}},"fnMap":{"0":{"name":"(anonymous_0)","decl":{"start":{"line":4,"column":2},"end":{"line":4,"column":3}},"loc":{"start":{"line":4,"column":24},"end":{"line":6,"column":3}},"line":4},"1":{"name":"(anonymous_1)","decl":{"start":{"line":8,"column":2},"end":{"line":8,"column":3}},"loc":{"start":{"line":8,"column":35},"end":{"line":10,"column":3}},"line":8}},"branchMap":{},"s":{"0":4,"1":3,"2":3,"3":4},"f":{"0":3,"1":3},"b":{},"_coverageSchema":"1a1c01bbd47fc00a2c39e90264f33305004495a9","hash":"e08d9c6f2675ec01d5e991a8af777141adf7e01d"}
,"E:\\h8\\P3\\final project\\inspect-corrupt-app\\server\\helpers\\jwt.js": {"path":"E:\\h8\\P3\\final project\\inspect-corrupt-app\\server\\helpers\\jwt.js","statementMap":{"0":{"start":{"line":1,"column":12},"end":{"line":1,"column":35}},"1":{"start":{"line":5,"column":4},"end":{"line":5,"column":43}},"2":{"start":{"line":9,"column":0},"end":{"line":9,"column":21}}},"fnMap":{"0":{"name":"(anonymous_0)","decl":{"start":{"line":4,"column":2},"end":{"line":4,"column":3}},"loc":{"start":{"line":4,"column":23},"end":{"line":6,"column":3}},"line":4}},"branchMap":{},"s":{"0":4,"1":2,"2":4},"f":{"0":2},"b":{},"_coverageSchema":"1a1c01bbd47fc00a2c39e90264f33305004495a9","hash":"d36d4cb8b9430c484cdae3c9876eb40c3062ccb5"}
,"E:\\h8\\P3\\final project\\inspect-corrupt-app\\server\\helpers\\nodeMailer.js": {"path":"E:\\h8\\P3\\final project\\inspect-corrupt-app\\server\\helpers\\nodeMailer.js","statementMap":{"0":{"start":{"line":1,"column":17},"end":{"line":1,"column":38}},"1":{"start":{"line":5,"column":48},"end":{"line":5,"column":55}},"2":{"start":{"line":7,"column":20},"end":{"line":13,"column":4}},"3":{"start":{"line":15,"column":20},"end":{"line":20,"column":3}},"4":{"start":{"line":22,"column":2},"end":{"line":24,"column":5}},"5":{"start":{"line":23,"column":4},"end":{"line":23,"column":23}},"6":{"start":{"line":23,"column":13},"end":{"line":23,"column":23}},"7":{"start":{"line":27,"column":0},"end":{"line":27,"column":27}}},"fnMap":{"0":{"name":"NodeMailer","decl":{"start":{"line":3,"column":9},"end":{"line":3,"column":19}},"loc":{"start":{"line":3,"column":29},"end":{"line":25,"column":1}},"line":3},"1":{"name":"(anonymous_1)","decl":{"start":{"line":22,"column":36},"end":{"line":22,"column":37}},"loc":{"start":{"line":22,"column":51},"end":{"line":24,"column":3}},"line":22}},"branchMap":{"0":{"loc":{"start":{"line":23,"column":4},"end":{"line":23,"column":23}},"type":"if","locations":[{"start":{"line":23,"column":4},"end":{"line":23,"column":23}},{"start":{"line":23,"column":4},"end":{"line":23,"column":23}}],"line":23}},"s":{"0":4,"1":0,"2":0,"3":0,"4":0,"5":0,"6":0,"7":4},"f":{"0":0,"1":0},"b":{"0":[0,0]},"_coverageSchema":"1a1c01bbd47fc00a2c39e90264f33305004495a9","hash":"500a6c7109bcd1fbea45a689aa3191d6546cb02d"}
,"E:\\h8\\P3\\final project\\inspect-corrupt-app\\server\\helpers\\npwpValidator.js": {"path":"E:\\h8\\P3\\final project\\inspect-corrupt-app\\server\\helpers\\npwpValidator.js","statementMap":{"0":{"start":{"line":2,"column":21},"end":{"line":2,"column":36}},"1":{"start":{"line":4,"column":2},"end":{"line":98,"column":3}},"2":{"start":{"line":5,"column":27},"end":{"line":5,"column":40}},"3":{"start":{"line":6,"column":23},"end":{"line":6,"column":25}},"4":{"start":{"line":7,"column":23},"end":{"line":7,"column":25}},"5":{"start":{"line":8,"column":26},"end":{"line":8,"column":27}},"6":{"start":{"line":10,"column":4},"end":{"line":12,"column":5}},"7":{"start":{"line":10,"column":17},"end":{"line":10,"column":18}},"8":{"start":{"line":11,"column":6},"end":{"line":11,"column":38}},"9":{"start":{"line":14,"column":4},"end":{"line":23,"column":6}},"10":{"start":{"line":16,"column":6},"end":{"line":21,"column":7}},"11":{"start":{"line":17,"column":8},"end":{"line":17,"column":27}},"12":{"start":{"line":20,"column":8},"end":{"line":20,"column":27}},"13":{"start":{"line":22,"column":6},"end":{"line":22,"column":46}},"14":{"start":{"line":25,"column":4},"end":{"line":33,"column":6}},"15":{"start":{"line":26,"column":6},"end":{"line":32,"column":7}},"16":{"start":{"line":27,"column":8},"end":{"line":27,"column":31}},"17":{"start":{"line":30,"column":18},"end":{"line":30,"column":35}},"18":{"start":{"line":31,"column":8},"end":{"line":31,"column":30}},"19":{"start":{"line":35,"column":4},"end":{"line":35,"column":71}},"20":{"start":{"line":36,"column":22},"end":{"line":36,"column":66}},"21":{"start":{"line":37,"column":31},"end":{"line":37,"column":73}},"22":{"start":{"line":39,"column":18},"end":{"line":77,"column":61}},"23":{"start":{"line":79,"column":16},"end":{"line":79,"column":43}},"24":{"start":{"line":80,"column":22},"end":{"line":80,"column":64}},"25":{"start":{"line":82,"column":24},"end":{"line":82,"column":71}},"26":{"start":{"line":84,"column":4},"end":{"line":91,"column":5}},"27":{"start":{"line":94,"column":4},"end":{"line":97,"column":5}},"28":{"start":{"line":105,"column":0},"end":{"line":105,"column":31}}},"fnMap":{"0":{"name":"npwpValidator","decl":{"start":{"line":1,"column":9},"end":{"line":1,"column":22}},"loc":{"start":{"line":1,"column":29},"end":{"line":99,"column":1}},"line":1},"1":{"name":"(anonymous_1)","decl":{"start":{"line":14,"column":25},"end":{"line":14,"column":26}},"loc":{"start":{"line":14,"column":37},"end":{"line":23,"column":5}},"line":14},"2":{"name":"(anonymous_2)","decl":{"start":{"line":25,"column":25},"end":{"line":25,"column":26}},"loc":{"start":{"line":25,"column":32},"end":{"line":33,"column":5}},"line":25}},"branchMap":{"0":{"loc":{"start":{"line":4,"column":2},"end":{"line":98,"column":3}},"type":"if","locations":[{"start":{"line":4,"column":2},"end":{"line":98,"column":3}},{"start":{"line":4,"column":2},"end":{"line":98,"column":3}}],"line":4},"1":{"loc":{"start":{"line":16,"column":6},"end":{"line":21,"column":7}},"type":"if","locations":[{"start":{"line":16,"column":6},"end":{"line":21,"column":7}},{"start":{"line":16,"column":6},"end":{"line":21,"column":7}}],"line":16},"2":{"loc":{"start":{"line":26,"column":6},"end":{"line":32,"column":7}},"type":"if","locations":[{"start":{"line":26,"column":6},"end":{"line":32,"column":7}},{"start":{"line":26,"column":6},"end":{"line":32,"column":7}}],"line":26},"3":{"loc":{"start":{"line":37,"column":31},"end":{"line":37,"column":73}},"type":"cond-expr","locations":[{"start":{"line":37,"column":61},"end":{"line":37,"column":65}},{"start":{"line":37,"column":68},"end":{"line":37,"column":73}}],"line":37},"4":{"loc":{"start":{"line":80,"column":22},"end":{"line":80,"column":64}},"type":"cond-expr","locations":[{"start":{"line":80,"column":52},"end":{"line":80,"column":56}},{"start":{"line":80,"column":59},"end":{"line":80,"column":64}}],"line":80},"5":{"loc":{"start":{"line":82,"column":24},"end":{"line":82,"column":71}},"type":"cond-expr","locations":[{"start":{"line":82,"column":59},"end":{"line":82,"column":63}},{"start":{"line":82,"column":66},"end":{"line":82,"column":71}}],"line":82},"6":{"loc":{"start":{"line":90,"column":11},"end":{"line":90,"column":81}},"type":"cond-expr","locations":[{"start":{"line":90,"column":34},"end":{"line":90,"column":55}},{"start":{"line":90,"column":58},"end":{"line":90,"column":81}}],"line":90}},"s":{"0":0,"1":0,"2":0,"3":0,"4":0,"5":0,"6":0,"7":0,"8":0,"9":0,"10":0,"11":0,"12":0,"13":0,"14":0,"15":0,"16":0,"17":0,"18":0,"19":0,"20":0,"21":0,"22":0,"23":0,"24":0,"25":0,"26":0,"27":0,"28":4},"f":{"0":0,"1":0,"2":0},"b":{"0":[0,0],"1":[0,0],"2":[0,0],"3":[0,0],"4":[0,0],"5":[0,0],"6":[0,0]},"_coverageSchema":"1a1c01bbd47fc00a2c39e90264f33305004495a9","hash":"fd112ff60d1c222b27ead4a773681ef0df6e51b9"}
,"E:\\h8\\P3\\final project\\inspect-corrupt-app\\server\\helpers\\puppeteer.js": {"path":"E:\\h8\\P3\\final project\\inspect-corrupt-app\\server\\helpers\\puppeteer.js","statementMap":{"0":{"start":{"line":1,"column":18},"end":{"line":1,"column":38}},"1":{"start":{"line":2,"column":14},"end":{"line":2,"column":30}},"2":{"start":{"line":5,"column":22},"end":{"line":95,"column":1}},"3":{"start":{"line":6,"column":19},"end":{"line":6,"column":20}},"4":{"start":{"line":7,"column":18},"end":{"line":10,"column":4}},"5":{"start":{"line":12,"column":15},"end":{"line":12,"column":38}},"6":{"start":{"line":14,"column":2},"end":{"line":14,"column":83}},"7":{"start":{"line":16,"column":15},"end":{"line":29,"column":12}},"8":{"start":{"line":17,"column":15},"end":{"line":17,"column":20}},"9":{"start":{"line":18,"column":24},"end":{"line":18,"column":71}},"10":{"start":{"line":19,"column":4},"end":{"line":27,"column":6}},"11":{"start":{"line":20,"column":23},"end":{"line":20,"column":50}},"12":{"start":{"line":21,"column":6},"end":{"line":26,"column":7}},"13":{"start":{"line":22,"column":8},"end":{"line":22,"column":58}},"14":{"start":{"line":23,"column":8},"end":{"line":25,"column":9}},"15":{"start":{"line":24,"column":10},"end":{"line":24,"column":22}},"16":{"start":{"line":28,"column":4},"end":{"line":28,"column":16}},"17":{"start":{"line":31,"column":2},"end":{"line":31,"column":137}},"18":{"start":{"line":33,"column":26},"end":{"line":47,"column":12}},"19":{"start":{"line":34,"column":15},"end":{"line":34,"column":20}},"20":{"start":{"line":35,"column":24},"end":{"line":35,"column":114}},"21":{"start":{"line":37,"column":4},"end":{"line":44,"column":6}},"22":{"start":{"line":38,"column":23},"end":{"line":38,"column":74}},"23":{"start":{"line":39,"column":6},"end":{"line":43,"column":7}},"24":{"start":{"line":40,"column":8},"end":{"line":42,"column":9}},"25":{"start":{"line":41,"column":10},"end":{"line":41,"column":22}},"26":{"start":{"line":46,"column":4},"end":{"line":46,"column":16}},"27":{"start":{"line":49,"column":19},"end":{"line":52,"column":4}},"28":{"start":{"line":54,"column":13},"end":{"line":54,"column":16}},"29":{"start":{"line":55,"column":16},"end":{"line":55,"column":21}},"30":{"start":{"line":56,"column":13},"end":{"line":56,"column":16}},"31":{"start":{"line":57,"column":14},"end":{"line":57,"column":17}},"32":{"start":{"line":58,"column":18},"end":{"line":58,"column":21}},"33":{"start":{"line":59,"column":16},"end":{"line":59,"column":19}},"34":{"start":{"line":61,"column":2},"end":{"line":83,"column":5}},"35":{"start":{"line":62,"column":4},"end":{"line":82,"column":5}},"36":{"start":{"line":63,"column":6},"end":{"line":63,"column":26}},"37":{"start":{"line":64,"column":6},"end":{"line":64,"column":25}},"38":{"start":{"line":65,"column":6},"end":{"line":65,"column":21}},"39":{"start":{"line":66,"column":6},"end":{"line":69,"column":7}},"40":{"start":{"line":67,"column":8},"end":{"line":67,"column":23}},"41":{"start":{"line":68,"column":8},"end":{"line":68,"column":27}},"42":{"start":{"line":70,"column":6},"end":{"line":73,"column":7}},"43":{"start":{"line":71,"column":8},"end":{"line":71,"column":25}},"44":{"start":{"line":72,"column":8},"end":{"line":72,"column":27}},"45":{"start":{"line":74,"column":6},"end":{"line":77,"column":7}},"46":{"start":{"line":75,"column":8},"end":{"line":75,"column":30}},"47":{"start":{"line":76,"column":8},"end":{"line":76,"column":27}},"48":{"start":{"line":78,"column":6},"end":{"line":81,"column":7}},"49":{"start":{"line":79,"column":8},"end":{"line":79,"column":27}},"50":{"start":{"line":80,"column":8},"end":{"line":80,"column":27}},"51":{"start":{"line":85,"column":2},"end":{"line":85,"column":24}},"52":{"start":{"line":87,"column":2},"end":{"line":89,"column":3}},"53":{"start":{"line":88,"column":4},"end":{"line":88,"column":23}},"54":{"start":{"line":90,"column":2},"end":{"line":92,"column":3}},"55":{"start":{"line":91,"column":4},"end":{"line":91,"column":23}},"56":{"start":{"line":94,"column":2},"end":{"line":94,"column":107}},"57":{"start":{"line":107,"column":0},"end":{"line":107,"column":31}}},"fnMap":{"0":{"name":"(anonymous_0)","decl":{"start":{"line":5,"column":22},"end":{"line":5,"column":23}},"loc":{"start":{"line":5,"column":40},"end":{"line":95,"column":1}},"line":5},"1":{"name":"(anonymous_1)","decl":{"start":{"line":16,"column":35},"end":{"line":16,"column":36}},"loc":{"start":{"line":16,"column":47},"end":{"line":29,"column":3}},"line":16},"2":{"name":"(anonymous_2)","decl":{"start":{"line":19,"column":24},"end":{"line":19,"column":25}},"loc":{"start":{"line":19,"column":39},"end":{"line":27,"column":5}},"line":19},"3":{"name":"(anonymous_3)","decl":{"start":{"line":33,"column":46},"end":{"line":33,"column":47}},"loc":{"start":{"line":33,"column":56},"end":{"line":47,"column":3}},"line":33},"4":{"name":"(anonymous_4)","decl":{"start":{"line":37,"column":24},"end":{"line":37,"column":25}},"loc":{"start":{"line":37,"column":32},"end":{"line":44,"column":5}},"line":37},"5":{"name":"(anonymous_5)","decl":{"start":{"line":61,"column":20},"end":{"line":61,"column":21}},"loc":{"start":{"line":61,"column":26},"end":{"line":83,"column":3}},"line":61}},"branchMap":{"0":{"loc":{"start":{"line":21,"column":6},"end":{"line":26,"column":7}},"type":"if","locations":[{"start":{"line":21,"column":6},"end":{"line":26,"column":7}},{"start":{"line":21,"column":6},"end":{"line":26,"column":7}}],"line":21},"1":{"loc":{"start":{"line":23,"column":8},"end":{"line":25,"column":9}},"type":"if","locations":[{"start":{"line":23,"column":8},"end":{"line":25,"column":9}},{"start":{"line":23,"column":8},"end":{"line":25,"column":9}}],"line":23},"2":{"loc":{"start":{"line":39,"column":6},"end":{"line":43,"column":7}},"type":"if","locations":[{"start":{"line":39,"column":6},"end":{"line":43,"column":7}},{"start":{"line":39,"column":6},"end":{"line":43,"column":7}}],"line":39},"3":{"loc":{"start":{"line":40,"column":8},"end":{"line":42,"column":9}},"type":"if","locations":[{"start":{"line":40,"column":8},"end":{"line":42,"column":9}},{"start":{"line":40,"column":8},"end":{"line":42,"column":9}}],"line":40},"4":{"loc":{"start":{"line":62,"column":4},"end":{"line":82,"column":5}},"type":"if","locations":[{"start":{"line":62,"column":4},"end":{"line":82,"column":5}},{"start":{"line":62,"column":4},"end":{"line":82,"column":5}}],"line":62},"5":{"loc":{"start":{"line":66,"column":6},"end":{"line":69,"column":7}},"type":"if","locations":[{"start":{"line":66,"column":6},"end":{"line":69,"column":7}},{"start":{"line":66,"column":6},"end":{"line":69,"column":7}}],"line":66},"6":{"loc":{"start":{"line":70,"column":6},"end":{"line":73,"column":7}},"type":"if","locations":[{"start":{"line":70,"column":6},"end":{"line":73,"column":7}},{"start":{"line":70,"column":6},"end":{"line":73,"column":7}}],"line":70},"7":{"loc":{"start":{"line":74,"column":6},"end":{"line":77,"column":7}},"type":"if","locations":[{"start":{"line":74,"column":6},"end":{"line":77,"column":7}},{"start":{"line":74,"column":6},"end":{"line":77,"column":7}}],"line":74},"8":{"loc":{"start":{"line":78,"column":6},"end":{"line":81,"column":7}},"type":"if","locations":[{"start":{"line":78,"column":6},"end":{"line":81,"column":7}},{"start":{"line":78,"column":6},"end":{"line":81,"column":7}}],"line":78},"9":{"loc":{"start":{"line":87,"column":2},"end":{"line":89,"column":3}},"type":"if","locations":[{"start":{"line":87,"column":2},"end":{"line":89,"column":3}},{"start":{"line":87,"column":2},"end":{"line":89,"column":3}}],"line":87},"10":{"loc":{"start":{"line":90,"column":2},"end":{"line":92,"column":3}},"type":"if","locations":[{"start":{"line":90,"column":2},"end":{"line":92,"column":3}},{"start":{"line":90,"column":2},"end":{"line":92,"column":3}}],"line":90}},"s":{"0":4,"1":4,"2":4,"3":0,"4":0,"5":0,"6":0,"7":0,"8":0,"9":0,"10":0,"11":0,"12":0,"13":0,"14":0,"15":0,"16":0,"17":0,"18":0,"19":0,"20":0,"21":0,"22":0,"23":0,"24":0,"25":0,"26":0,"27":0,"28":0,"29":0,"30":0,"31":0,"32":0,"33":0,"34":0,"35":0,"36":0,"37":0,"38":0,"39":0,"40":0,"41":0,"42":0,"43":0,"44":0,"45":0,"46":0,"47":0,"48":0,"49":0,"50":0,"51":0,"52":0,"53":0,"54":0,"55":0,"56":0,"57":4},"f":{"0":0,"1":0,"2":0,"3":0,"4":0,"5":0},"b":{"0":[0,0],"1":[0,0],"2":[0,0],"3":[0,0],"4":[0,0],"5":[0,0],"6":[0,0],"7":[0,0],"8":[0,0],"9":[0,0],"10":[0,0]},"_coverageSchema":"1a1c01bbd47fc00a2c39e90264f33305004495a9","hash":"c3ff4868c5f30268e02c2a0dcad9c7a2789fa1d4"}
,"E:\\h8\\P3\\final project\\inspect-corrupt-app\\server\\helpers\\validator.js": {"path":"E:\\h8\\P3\\final project\\inspect-corrupt-app\\server\\helpers\\validator.js","statementMap":{"0":{"start":{"line":1,"column":17},"end":{"line":31,"column":1}},"1":{"start":{"line":2,"column":15},"end":{"line":2,"column":18}},"2":{"start":{"line":3,"column":16},"end":{"line":3,"column":34}},"3":{"start":{"line":5,"column":2},"end":{"line":9,"column":3}},"4":{"start":{"line":6,"column":4},"end":{"line":6,"column":17}},"5":{"start":{"line":7,"column":4},"end":{"line":7,"column":36}},"6":{"start":{"line":8,"column":4},"end":{"line":8,"column":30}},"7":{"start":{"line":10,"column":2},"end":{"line":14,"column":3}},"8":{"start":{"line":11,"column":4},"end":{"line":11,"column":17}},"9":{"start":{"line":12,"column":4},"end":{"line":12,"column":35}},"10":{"start":{"line":13,"column":4},"end":{"line":13,"column":31}},"11":{"start":{"line":15,"column":2},"end":{"line":19,"column":3}},"12":{"start":{"line":16,"column":4},"end":{"line":16,"column":17}},"13":{"start":{"line":17,"column":4},"end":{"line":17,"column":31}},"14":{"start":{"line":18,"column":4},"end":{"line":18,"column":31}},"15":{"start":{"line":20,"column":2},"end":{"line":24,"column":3}},"16":{"start":{"line":21,"column":4},"end":{"line":21,"column":17}},"17":{"start":{"line":22,"column":4},"end":{"line":22,"column":34}},"18":{"start":{"line":23,"column":4},"end":{"line":23,"column":31}},"19":{"start":{"line":25,"column":2},"end":{"line":29,"column":3}},"20":{"start":{"line":26,"column":4},"end":{"line":26,"column":17}},"21":{"start":{"line":27,"column":4},"end":{"line":27,"column":50}},"22":{"start":{"line":28,"column":4},"end":{"line":28,"column":31}},"23":{"start":{"line":30,"column":2},"end":{"line":30,"column":15}},"24":{"start":{"line":33,"column":0},"end":{"line":35,"column":1}}},"fnMap":{"0":{"name":"(anonymous_0)","decl":{"start":{"line":1,"column":17},"end":{"line":1,"column":18}},"loc":{"start":{"line":1,"column":27},"end":{"line":31,"column":1}},"line":1}},"branchMap":{"0":{"loc":{"start":{"line":5,"column":2},"end":{"line":9,"column":3}},"type":"if","locations":[{"start":{"line":5,"column":2},"end":{"line":9,"column":3}},{"start":{"line":5,"column":2},"end":{"line":9,"column":3}}],"line":5},"1":{"loc":{"start":{"line":10,"column":2},"end":{"line":14,"column":3}},"type":"if","locations":[{"start":{"line":10,"column":2},"end":{"line":14,"column":3}},{"start":{"line":10,"column":2},"end":{"line":14,"column":3}}],"line":10},"2":{"loc":{"start":{"line":15,"column":2},"end":{"line":19,"column":3}},"type":"if","locations":[{"start":{"line":15,"column":2},"end":{"line":19,"column":3}},{"start":{"line":15,"column":2},"end":{"line":19,"column":3}}],"line":15},"3":{"loc":{"start":{"line":20,"column":2},"end":{"line":24,"column":3}},"type":"if","locations":[{"start":{"line":20,"column":2},"end":{"line":24,"column":3}},{"start":{"line":20,"column":2},"end":{"line":24,"column":3}}],"line":20},"4":{"loc":{"start":{"line":25,"column":2},"end":{"line":29,"column":3}},"type":"if","locations":[{"start":{"line":25,"column":2},"end":{"line":29,"column":3}},{"start":{"line":25,"column":2},"end":{"line":29,"column":3}}],"line":25}},"s":{"0":4,"1":3,"2":3,"3":3,"4":0,"5":0,"6":0,"7":3,"8":0,"9":0,"10":0,"11":3,"12":0,"13":0,"14":0,"15":3,"16":0,"17":0,"18":0,"19":3,"20":0,"21":0,"22":0,"23":3,"24":4},"f":{"0":3},"b":{"0":[0,3],"1":[0,3],"2":[0,3],"3":[0,3],"4":[0,3]},"_coverageSchema":"1a1c01bbd47fc00a2c39e90264f33305004495a9","hash":"bb0269e12a2477d9c8a45aa9764b62d8649cb6c1"}
,"E:\\h8\\P3\\final project\\inspect-corrupt-app\\server\\models\\report.js": {"path":"E:\\h8\\P3\\final project\\inspect-corrupt-app\\server\\models\\report.js","statementMap":{"0":{"start":{"line":1,"column":25},"end":{"line":1,"column":54}},"1":{"start":{"line":2,"column":26},"end":{"line":2,"column":84}},"2":{"start":{"line":6,"column":4},"end":{"line":6,"column":51}},"3":{"start":{"line":10,"column":4},"end":{"line":10,"column":65}},"4":{"start":{"line":14,"column":4},"end":{"line":14,"column":53}},"5":{"start":{"line":18,"column":4},"end":{"line":23,"column":35}},"6":{"start":{"line":27,"column":4},"end":{"line":27,"column":76}},"7":{"start":{"line":31,"column":0},"end":{"line":31,"column":24}}},"fnMap":{"0":{"name":"(anonymous_0)","decl":{"start":{"line":5,"column":2},"end":{"line":5,"column":3}},"loc":{"start":{"line":5,"column":28},"end":{"line":7,"column":3}},"line":5},"1":{"name":"(anonymous_1)","decl":{"start":{"line":9,"column":2},"end":{"line":9,"column":3}},"loc":{"start":{"line":9,"column":33},"end":{"line":11,"column":3}},"line":9},"2":{"name":"(anonymous_2)","decl":{"start":{"line":13,"column":2},"end":{"line":13,"column":3}},"loc":{"start":{"line":13,"column":36},"end":{"line":15,"column":3}},"line":13},"3":{"name":"(anonymous_3)","decl":{"start":{"line":17,"column":2},"end":{"line":17,"column":3}},"loc":{"start":{"line":17,"column":41},"end":{"line":24,"column":3}},"line":17},"4":{"name":"(anonymous_4)","decl":{"start":{"line":26,"column":2},"end":{"line":26,"column":3}},"loc":{"start":{"line":26,"column":32},"end":{"line":28,"column":3}},"line":26}},"branchMap":{"0":{"loc":{"start":{"line":2,"column":40},"end":{"line":2,"column":83}},"type":"binary-expr","locations":[{"start":{"line":2,"column":40},"end":{"line":2,"column":70}},{"start":{"line":2,"column":74},"end":{"line":2,"column":83}}],"line":2}},"s":{"0":4,"1":4,"2":3,"3":4,"4":3,"5":0,"6":4,"7":4},"f":{"0":3,"1":4,"2":3,"3":0,"4":4},"b":{"0":[4,4]},"_coverageSchema":"1a1c01bbd47fc00a2c39e90264f33305004495a9","hash":"24e04939b91f3c8505a92af0a9eabb1bd7e0b329"}
,"E:\\h8\\P3\\final project\\inspect-corrupt-app\\server\\models\\user.js": {"path":"E:\\h8\\P3\\final project\\inspect-corrupt-app\\server\\models\\user.js","statementMap":{"0":{"start":{"line":1,"column":25},"end":{"line":1,"column":54}},"1":{"start":{"line":2,"column":24},"end":{"line":2,"column":77}},"2":{"start":{"line":3,"column":17},"end":{"line":3,"column":46}},"3":{"start":{"line":7,"column":4},"end":{"line":7,"column":66}},"4":{"start":{"line":11,"column":4},"end":{"line":11,"column":61}},"5":{"start":{"line":15,"column":4},"end":{"line":15,"column":92}},"6":{"start":{"line":19,"column":0},"end":{"line":19,"column":21}}},"fnMap":{"0":{"name":"(anonymous_0)","decl":{"start":{"line":6,"column":2},"end":{"line":6,"column":3}},"loc":{"start":{"line":6,"column":27},"end":{"line":8,"column":3}},"line":6},"1":{"name":"(anonymous_1)","decl":{"start":{"line":10,"column":2},"end":{"line":10,"column":3}},"loc":{"start":{"line":10,"column":37},"end":{"line":12,"column":3}},"line":10},"2":{"name":"(anonymous_2)","decl":{"start":{"line":14,"column":2},"end":{"line":14,"column":3}},"loc":{"start":{"line":14,"column":33},"end":{"line":16,"column":3}},"line":14}},"branchMap":{"0":{"loc":{"start":{"line":2,"column":38},"end":{"line":2,"column":76}},"type":"binary-expr","locations":[{"start":{"line":2,"column":38},"end":{"line":2,"column":65}},{"start":{"line":2,"column":69},"end":{"line":2,"column":76}}],"line":2}},"s":{"0":4,"1":4,"2":4,"3":6,"4":4,"5":3,"6":4},"f":{"0":6,"1":4,"2":3},"b":{"0":[4,4]},"_coverageSchema":"1a1c01bbd47fc00a2c39e90264f33305004495a9","hash":"1a13740074db9fc9b36cd487c5491741a133d3f2"}
,"E:\\h8\\P3\\final project\\inspect-corrupt-app\\server\\schemas\\credible.js": {"path":"E:\\h8\\P3\\final project\\inspect-corrupt-app\\server\\schemas\\credible.js","statementMap":{"0":{"start":{"line":1,"column":16},"end":{"line":1,"column":40}},"1":{"start":{"line":2,"column":22},"end":{"line":2,"column":53}},"2":{"start":{"line":4,"column":17},"end":{"line":20,"column":1}},"3":{"start":{"line":22,"column":18},"end":{"line":34,"column":1}},"4":{"start":{"line":25,"column":6},"end":{"line":31,"column":7}},"5":{"start":{"line":26,"column":28},"end":{"line":26,"column":32}},"6":{"start":{"line":27,"column":25},"end":{"line":27,"column":47}},"7":{"start":{"line":28,"column":8},"end":{"line":28,"column":24}},"8":{"start":{"line":30,"column":8},"end":{"line":30,"column":19}},"9":{"start":{"line":36,"column":0},"end":{"line":36,"column":41}}},"fnMap":{"0":{"name":"(anonymous_0)","decl":{"start":{"line":24,"column":17},"end":{"line":24,"column":18}},"loc":{"start":{"line":24,"column":36},"end":{"line":32,"column":5}},"line":24}},"branchMap":{},"s":{"0":4,"1":4,"2":4,"3":4,"4":0,"5":0,"6":0,"7":0,"8":0,"9":4},"f":{"0":0},"b":{},"_coverageSchema":"1a1c01bbd47fc00a2c39e90264f33305004495a9","hash":"e961e01684582504eba112945a03b46500a07a15"}
,"E:\\h8\\P3\\final project\\inspect-corrupt-app\\server\\schemas\\news.js": {"path":"E:\\h8\\P3\\final project\\inspect-corrupt-app\\server\\schemas\\news.js","statementMap":{"0":{"start":{"line":1,"column":16},"end":{"line":1,"column":40}},"1":{"start":{"line":2,"column":14},"end":{"line":2,"column":38}},"2":{"start":{"line":3,"column":17},"end":{"line":14,"column":1}},"3":{"start":{"line":16,"column":18},"end":{"line":29,"column":1}},"4":{"start":{"line":19,"column":29},"end":{"line":19,"column":101}},"5":{"start":{"line":20,"column":25},"end":{"line":20,"column":34}},"6":{"start":{"line":21,"column":12},"end":{"line":26,"column":13}},"7":{"start":{"line":22,"column":16},"end":{"line":22,"column":27}},"8":{"start":{"line":24,"column":16},"end":{"line":24,"column":27}},"9":{"start":{"line":25,"column":16},"end":{"line":25,"column":28}},"10":{"start":{"line":31,"column":0},"end":{"line":31,"column":40}}},"fnMap":{"0":{"name":"(anonymous_0)","decl":{"start":{"line":18,"column":18},"end":{"line":18,"column":19}},"loc":{"start":{"line":18,"column":37},"end":{"line":27,"column":9}},"line":18}},"branchMap":{"0":{"loc":{"start":{"line":21,"column":12},"end":{"line":26,"column":13}},"type":"if","locations":[{"start":{"line":21,"column":12},"end":{"line":26,"column":13}},{"start":{"line":21,"column":12},"end":{"line":26,"column":13}}],"line":21}},"s":{"0":4,"1":4,"2":4,"3":4,"4":1,"5":1,"6":1,"7":0,"8":1,"9":1,"10":4},"f":{"0":1},"b":{"0":[0,1]},"_coverageSchema":"1a1c01bbd47fc00a2c39e90264f33305004495a9","hash":"a488f05e09624d731ccd83220308f4453c43cf59"}
,"E:\\h8\\P3\\final project\\inspect-corrupt-app\\server\\schemas\\npwpStatus.js": {"path":"E:\\h8\\P3\\final project\\inspect-corrupt-app\\server\\schemas\\npwpStatus.js","statementMap":{"0":{"start":{"line":1,"column":16},"end":{"line":1,"column":40}},"1":{"start":{"line":2,"column":22},"end":{"line":2,"column":57}},"2":{"start":{"line":4,"column":17},"end":{"line":12,"column":1}},"3":{"start":{"line":14,"column":18},"end":{"line":26,"column":1}},"4":{"start":{"line":17,"column":6},"end":{"line":23,"column":7}},"5":{"start":{"line":18,"column":27},"end":{"line":18,"column":31}},"6":{"start":{"line":19,"column":23},"end":{"line":19,"column":50}},"7":{"start":{"line":20,"column":8},"end":{"line":20,"column":21}},"8":{"start":{"line":22,"column":8},"end":{"line":22,"column":20}},"9":{"start":{"line":28,"column":0},"end":{"line":28,"column":40}}},"fnMap":{"0":{"name":"(anonymous_0)","decl":{"start":{"line":16,"column":10},"end":{"line":16,"column":11}},"loc":{"start":{"line":16,"column":29},"end":{"line":24,"column":5}},"line":16}},"branchMap":{},"s":{"0":4,"1":4,"2":4,"3":4,"4":0,"5":0,"6":0,"7":0,"8":0,"9":4},"f":{"0":0},"b":{},"_coverageSchema":"1a1c01bbd47fc00a2c39e90264f33305004495a9","hash":"86d5c3f48762f3e70724751a7126ec4b2ecc20b7"}
,"E:\\h8\\P3\\final project\\inspect-corrupt-app\\server\\schemas\\report.js": {"path":"E:\\h8\\P3\\final project\\inspect-corrupt-app\\server\\schemas\\report.js","statementMap":{"0":{"start":{"line":1,"column":16},"end":{"line":1,"column":40}},"1":{"start":{"line":2,"column":79},"end":{"line":2,"column":106}},"2":{"start":{"line":4,"column":17},"end":{"line":48,"column":1}},"3":{"start":{"line":50,"column":18},"end":{"line":100,"column":1}},"4":{"start":{"line":53,"column":6},"end":{"line":58,"column":7}},"5":{"start":{"line":54,"column":24},"end":{"line":54,"column":42}},"6":{"start":{"line":55,"column":8},"end":{"line":55,"column":22}},"7":{"start":{"line":57,"column":8},"end":{"line":57,"column":20}},"8":{"start":{"line":61,"column":6},"end":{"line":67,"column":7}},"9":{"start":{"line":62,"column":24},"end":{"line":62,"column":28}},"10":{"start":{"line":63,"column":23},"end":{"line":63,"column":47}},"11":{"start":{"line":64,"column":8},"end":{"line":64,"column":21}},"12":{"start":{"line":66,"column":8},"end":{"line":66,"column":20}},"13":{"start":{"line":72,"column":6},"end":{"line":79,"column":7}},"14":{"start":{"line":73,"column":28},"end":{"line":73,"column":32}},"15":{"start":{"line":74,"column":21},"end":{"line":74,"column":68}},"16":{"start":{"line":75,"column":27},"end":{"line":75,"column":50}},"17":{"start":{"line":76,"column":8},"end":{"line":76,"column":32}},"18":{"start":{"line":78,"column":8},"end":{"line":78,"column":20}},"19":{"start":{"line":82,"column":6},"end":{"line":88,"column":7}},"20":{"start":{"line":83,"column":32},"end":{"line":83,"column":36}},"21":{"start":{"line":84,"column":30},"end":{"line":84,"column":61}},"22":{"start":{"line":85,"column":8},"end":{"line":85,"column":34}},"23":{"start":{"line":87,"column":8},"end":{"line":87,"column":20}},"24":{"start":{"line":91,"column":6},"end":{"line":97,"column":7}},"25":{"start":{"line":92,"column":24},"end":{"line":92,"column":28}},"26":{"start":{"line":93,"column":30},"end":{"line":93,"column":53}},"27":{"start":{"line":94,"column":8},"end":{"line":94,"column":34}},"28":{"start":{"line":96,"column":8},"end":{"line":96,"column":20}},"29":{"start":{"line":102,"column":0},"end":{"line":102,"column":40}}},"fnMap":{"0":{"name":"(anonymous_0)","decl":{"start":{"line":52,"column":13},"end":{"line":52,"column":14}},"loc":{"start":{"line":52,"column":25},"end":{"line":59,"column":5}},"line":52},"1":{"name":"(anonymous_1)","decl":{"start":{"line":60,"column":12},"end":{"line":60,"column":13}},"loc":{"start":{"line":60,"column":31},"end":{"line":68,"column":5}},"line":60},"2":{"name":"(anonymous_2)","decl":{"start":{"line":71,"column":15},"end":{"line":71,"column":16}},"loc":{"start":{"line":71,"column":34},"end":{"line":80,"column":5}},"line":71},"3":{"name":"(anonymous_3)","decl":{"start":{"line":81,"column":18},"end":{"line":81,"column":19}},"loc":{"start":{"line":81,"column":37},"end":{"line":89,"column":5}},"line":81},"4":{"name":"(anonymous_4)","decl":{"start":{"line":90,"column":18},"end":{"line":90,"column":19}},"loc":{"start":{"line":90,"column":37},"end":{"line":98,"column":5}},"line":90}},"branchMap":{},"s":{"0":4,"1":4,"2":4,"3":4,"4":3,"5":3,"6":3,"7":0,"8":4,"9":4,"10":4,"11":3,"12":1,"13":3,"14":3,"15":3,"16":3,"17":3,"18":0,"19":0,"20":0,"21":0,"22":0,"23":0,"24":4,"25":4,"26":4,"27":4,"28":0,"29":4},"f":{"0":3,"1":4,"2":3,"3":0,"4":4},"b":{},"_coverageSchema":"1a1c01bbd47fc00a2c39e90264f33305004495a9","hash":"628c49d97cb5d275fd9a0fe2a677ed8cc3b47d3a"}
,"E:\\h8\\P3\\final project\\inspect-corrupt-app\\server\\schemas\\sendEmail.js": {"path":"E:\\h8\\P3\\final project\\inspect-corrupt-app\\server\\schemas\\sendEmail.js","statementMap":{"0":{"start":{"line":1,"column":16},"end":{"line":1,"column":40}},"1":{"start":{"line":2,"column":19},"end":{"line":2,"column":51}},"2":{"start":{"line":4,"column":17},"end":{"line":21,"column":1}},"3":{"start":{"line":23,"column":18},"end":{"line":35,"column":1}},"4":{"start":{"line":26,"column":6},"end":{"line":32,"column":7}},"5":{"start":{"line":27,"column":28},"end":{"line":27,"column":32}},"6":{"start":{"line":28,"column":8},"end":{"line":28,"column":33}},"7":{"start":{"line":29,"column":8},"end":{"line":29,"column":41}},"8":{"start":{"line":31,"column":8},"end":{"line":31,"column":20}},"9":{"start":{"line":37,"column":0},"end":{"line":37,"column":40}}},"fnMap":{"0":{"name":"(anonymous_0)","decl":{"start":{"line":25,"column":10},"end":{"line":25,"column":11}},"loc":{"start":{"line":25,"column":29},"end":{"line":33,"column":5}},"line":25}},"branchMap":{},"s":{"0":4,"1":4,"2":4,"3":4,"4":0,"5":0,"6":0,"7":0,"8":0,"9":4},"f":{"0":0},"b":{},"_coverageSchema":"1a1c01bbd47fc00a2c39e90264f33305004495a9","hash":"7d9df3b08eca7515eb3eb66490261d509cfdf53f"}
,"E:\\h8\\P3\\final project\\inspect-corrupt-app\\server\\schemas\\user.js": {"path":"E:\\h8\\P3\\final project\\inspect-corrupt-app\\server\\schemas\\user.js","statementMap":{"0":{"start":{"line":1,"column":16},"end":{"line":1,"column":40}},"1":{"start":{"line":2,"column":46},"end":{"line":2,"column":71}},"2":{"start":{"line":3,"column":20},"end":{"line":3,"column":49}},"3":{"start":{"line":4,"column":26},"end":{"line":4,"column":51}},"4":{"start":{"line":5,"column":43},"end":{"line":5,"column":74}},"5":{"start":{"line":7,"column":17},"end":{"line":47,"column":1}},"6":{"start":{"line":49,"column":18},"end":{"line":101,"column":1}},"7":{"start":{"line":52,"column":6},"end":{"line":58,"column":7}},"8":{"start":{"line":53,"column":23},"end":{"line":53,"column":27}},"9":{"start":{"line":54,"column":21},"end":{"line":54,"column":38}},"10":{"start":{"line":55,"column":8},"end":{"line":55,"column":20}},"11":{"start":{"line":57,"column":8},"end":{"line":57,"column":19}},"12":{"start":{"line":63,"column":6},"end":{"line":76,"column":7}},"13":{"start":{"line":64,"column":28},"end":{"line":64,"column":32}},"14":{"start":{"line":65,"column":21},"end":{"line":65,"column":49}},"15":{"start":{"line":67,"column":8},"end":{"line":69,"column":9}},"16":{"start":{"line":68,"column":10},"end":{"line":68,"column":44}},"17":{"start":{"line":71,"column":24},"end":{"line":71,"column":44}},"18":{"start":{"line":73,"column":8},"end":{"line":73,"column":30}},"19":{"start":{"line":75,"column":8},"end":{"line":75,"column":19}},"20":{"start":{"line":79,"column":6},"end":{"line":98,"column":7}},"21":{"start":{"line":80,"column":28},"end":{"line":80,"column":32}},"22":{"start":{"line":81,"column":8},"end":{"line":95,"column":9}},"23":{"start":{"line":82,"column":10},"end":{"line":82,"column":63}},"24":{"start":{"line":84,"column":23},"end":{"line":84,"column":58}},"25":{"start":{"line":85,"column":10},"end":{"line":94,"column":11}},"26":{"start":{"line":86,"column":12},"end":{"line":86,"column":65}},"27":{"start":{"line":88,"column":26},"end":{"line":92,"column":14}},"28":{"start":{"line":93,"column":12},"end":{"line":93,"column":65}},"29":{"start":{"line":97,"column":8},"end":{"line":97,"column":19}},"30":{"start":{"line":103,"column":0},"end":{"line":103,"column":40}}},"fnMap":{"0":{"name":"(anonymous_0)","decl":{"start":{"line":51,"column":10},"end":{"line":51,"column":11}},"loc":{"start":{"line":51,"column":29},"end":{"line":59,"column":5}},"line":51},"1":{"name":"(anonymous_1)","decl":{"start":{"line":62,"column":14},"end":{"line":62,"column":15}},"loc":{"start":{"line":62,"column":33},"end":{"line":77,"column":5}},"line":62},"2":{"name":"(anonymous_2)","decl":{"start":{"line":78,"column":11},"end":{"line":78,"column":12}},"loc":{"start":{"line":78,"column":30},"end":{"line":99,"column":5}},"line":78}},"branchMap":{"0":{"loc":{"start":{"line":67,"column":8},"end":{"line":69,"column":9}},"type":"if","locations":[{"start":{"line":67,"column":8},"end":{"line":69,"column":9}},{"start":{"line":67,"column":8},"end":{"line":69,"column":9}}],"line":67},"1":{"loc":{"start":{"line":81,"column":8},"end":{"line":95,"column":9}},"type":"if","locations":[{"start":{"line":81,"column":8},"end":{"line":95,"column":9}},{"start":{"line":81,"column":8},"end":{"line":95,"column":9}}],"line":81},"2":{"loc":{"start":{"line":81,"column":12},"end":{"line":81,"column":47}},"type":"binary-expr","locations":[{"start":{"line":81,"column":12},"end":{"line":81,"column":26}},{"start":{"line":81,"column":30},"end":{"line":81,"column":47}}],"line":81},"3":{"loc":{"start":{"line":85,"column":10},"end":{"line":94,"column":11}},"type":"if","locations":[{"start":{"line":85,"column":10},"end":{"line":94,"column":11}},{"start":{"line":85,"column":10},"end":{"line":94,"column":11}}],"line":85}},"s":{"0":4,"1":4,"2":4,"3":4,"4":4,"5":4,"6":4,"7":6,"8":6,"9":6,"10":3,"11":3,"12":3,"13":3,"14":3,"15":3,"16":0,"17":3,"18":3,"19":0,"20":4,"21":4,"22":4,"23":0,"24":4,"25":4,"26":1,"27":2,"28":2,"29":1,"30":4},"f":{"0":6,"1":3,"2":4},"b":{"0":[0,3],"1":[0,4],"2":[4,4],"3":[1,2]},"_coverageSchema":"1a1c01bbd47fc00a2c39e90264f33305004495a9","hash":"c1a2d39bf9a32cf1d652b9ce7602cea9bffa3f44"}
}
