TN:
SF:app.js
FN:31,(anonymous_0)
FNF:1
FNH:0
FNDA:0,(anonymous_0)
DA:1,4
DA:2,4
DA:3,4
DA:4,4
DA:5,4
DA:6,4
DA:7,4
DA:8,4
DA:9,4
DA:10,4
DA:11,4
DA:12,4
DA:14,4
DA:15,4
DA:20,4
DA:22,4
DA:27,4
DA:31,4
DA:32,0
DA:33,0
DA:37,4
DA:46,4
LF:22
LH:20
BRF:0
BRH:0
end_of_record
TN:
SF:config\database.js
FNF:0
FNH:0
DA:1,4
DA:2,4
DA:4,4
DA:7,4
DA:8,4
DA:10,4
DA:12,4
DA:14,4
DA:16,4
LF:9
LH:9
BRDA:7,0,0,4
BRDA:7,0,1,4
BRDA:8,1,0,4
BRDA:8,1,1,4
BRF:4
BRH:4
end_of_record
TN:
SF:helpers\encrypt.js
FN:4,(anonymous_0)
FN:8,(anonymous_1)
FNF:2
FNH:2
FNDA:3,(anonymous_0)
FNDA:3,(anonymous_1)
DA:1,4
DA:5,3
DA:9,3
DA:13,4
LF:4
LH:4
BRF:0
BRH:0
end_of_record
TN:
SF:helpers\jwt.js
FN:4,(anonymous_0)
FNF:1
FNH:1
FNDA:2,(anonymous_0)
DA:1,4
DA:5,2
DA:9,4
LF:3
LH:3
BRF:0
BRH:0
end_of_record
TN:
SF:helpers\nodeMailer.js
FN:3,NodeMailer
FN:22,(anonymous_1)
FNF:2
FNH:0
FNDA:0,NodeMailer
FNDA:0,(anonymous_1)
DA:1,4
DA:5,0
DA:7,0
DA:15,0
DA:22,0
DA:23,0
DA:27,4
LF:7
LH:2
BRDA:23,0,0,0
BRDA:23,0,1,0
BRF:2
BRH:0
end_of_record
TN:
SF:helpers\npwpValidator.js
FN:1,npwpValidator
FN:14,(anonymous_1)
FN:25,(anonymous_2)
FNF:3
FNH:0
FNDA:0,npwpValidator
FNDA:0,(anonymous_1)
FNDA:0,(anonymous_2)
DA:2,0
DA:4,0
DA:5,0
DA:6,0
DA:7,0
DA:8,0
DA:10,0
DA:11,0
DA:14,0
DA:16,0
DA:17,0
DA:20,0
DA:22,0
DA:25,0
DA:26,0
DA:27,0
DA:30,0
DA:31,0
DA:35,0
DA:36,0
DA:37,0
DA:39,0
DA:79,0
DA:80,0
DA:82,0
DA:84,0
DA:94,0
DA:105,4
LF:28
LH:1
BRDA:4,0,0,0
BRDA:4,0,1,0
BRDA:16,1,0,0
BRDA:16,1,1,0
BRDA:26,2,0,0
BRDA:26,2,1,0
BRDA:37,3,0,0
BRDA:37,3,1,0
BRDA:80,4,0,0
BRDA:80,4,1,0
BRDA:82,5,0,0
BRDA:82,5,1,0
BRDA:90,6,0,0
BRDA:90,6,1,0
BRF:14
BRH:0
end_of_record
TN:
SF:helpers\puppeteer.js
FN:5,(anonymous_0)
FN:16,(anonymous_1)
FN:19,(anonymous_2)
FN:33,(anonymous_3)
FN:37,(anonymous_4)
FN:61,(anonymous_5)
FNF:6
FNH:0
FNDA:0,(anonymous_0)
FNDA:0,(anonymous_1)
FNDA:0,(anonymous_2)
FNDA:0,(anonymous_3)
FNDA:0,(anonymous_4)
FNDA:0,(anonymous_5)
DA:1,4
DA:2,4
DA:5,4
DA:6,0
DA:7,0
DA:12,0
DA:14,0
DA:16,0
DA:17,0
DA:18,0
DA:19,0
DA:20,0
DA:21,0
DA:22,0
DA:23,0
DA:24,0
DA:28,0
DA:31,0
DA:33,0
DA:34,0
DA:35,0
DA:37,0
DA:38,0
DA:39,0
DA:40,0
DA:41,0
DA:46,0
DA:49,0
DA:54,0
DA:55,0
DA:56,0
DA:57,0
DA:58,0
DA:59,0
DA:61,0
DA:62,0
DA:63,0
DA:64,0
DA:65,0
DA:66,0
DA:67,0
DA:68,0
DA:70,0
DA:71,0
DA:72,0
DA:74,0
DA:75,0
DA:76,0
DA:78,0
DA:79,0
DA:80,0
DA:85,0
DA:87,0
DA:88,0
DA:90,0
DA:91,0
DA:94,0
DA:107,4
LF:58
LH:4
BRDA:21,0,0,0
BRDA:21,0,1,0
BRDA:23,1,0,0
BRDA:23,1,1,0
BRDA:39,2,0,0
BRDA:39,2,1,0
BRDA:40,3,0,0
BRDA:40,3,1,0
BRDA:62,4,0,0
BRDA:62,4,1,0
BRDA:66,5,0,0
BRDA:66,5,1,0
BRDA:70,6,0,0
BRDA:70,6,1,0
BRDA:74,7,0,0
BRDA:74,7,1,0
BRDA:78,8,0,0
BRDA:78,8,1,0
BRDA:87,9,0,0
BRDA:87,9,1,0
BRDA:90,10,0,0
BRDA:90,10,1,0
BRF:22
BRH:0
end_of_record
TN:
SF:helpers\validator.js
FN:1,(anonymous_0)
FNF:1
FNH:1
FNDA:3,(anonymous_0)
DA:1,4
DA:2,3
DA:3,3
DA:5,3
DA:6,0
DA:7,0
DA:8,0
DA:10,3
DA:11,0
DA:12,0
DA:13,0
DA:15,3
DA:16,0
DA:17,0
DA:18,0
DA:20,3
DA:21,0
DA:22,0
DA:23,0
DA:25,3
DA:26,0
DA:27,0
DA:28,0
DA:30,3
DA:33,4
LF:25
LH:10
BRDA:5,0,0,0
BRDA:5,0,1,3
BRDA:10,1,0,0
BRDA:10,1,1,3
BRDA:15,2,0,0
BRDA:15,2,1,3
BRDA:20,3,0,0
BRDA:20,3,1,3
BRDA:25,4,0,0
BRDA:25,4,1,3
BRF:10
BRH:5
end_of_record
TN:
SF:models\report.js
FN:5,(anonymous_0)
FN:9,(anonymous_1)
FN:13,(anonymous_2)
FN:17,(anonymous_3)
FN:26,(anonymous_4)
FNF:5
FNH:4
FNDA:3,(anonymous_0)
FNDA:4,(anonymous_1)
FNDA:3,(anonymous_2)
FNDA:0,(anonymous_3)
FNDA:4,(anonymous_4)
DA:1,4
DA:2,4
DA:6,3
DA:10,4
DA:14,3
DA:18,0
DA:27,4
DA:31,4
LF:8
LH:7
BRDA:2,0,0,4
BRDA:2,0,1,4
BRF:2
BRH:2
end_of_record
TN:
SF:models\user.js
FN:6,(anonymous_0)
FN:10,(anonymous_1)
FN:14,(anonymous_2)
FNF:3
FNH:3
FNDA:6,(anonymous_0)
FNDA:4,(anonymous_1)
FNDA:3,(anonymous_2)
DA:1,4
DA:2,4
DA:3,4
DA:7,6
DA:11,4
DA:15,3
DA:19,4
LF:7
LH:7
BRDA:2,0,0,4
BRDA:2,0,1,4
BRF:2
BRH:2
end_of_record
TN:
SF:schemas\credible.js
FN:24,(anonymous_0)
FNF:1
FNH:0
FNDA:0,(anonymous_0)
DA:1,4
DA:2,4
DA:4,4
DA:22,4
DA:25,0
DA:26,0
DA:27,0
DA:28,0
DA:30,0
DA:36,4
LF:10
LH:5
BRF:0
BRH:0
end_of_record
TN:
SF:schemas\news.js
FN:18,(anonymous_0)
FNF:1
FNH:1
FNDA:1,(anonymous_0)
DA:1,4
DA:2,4
DA:3,4
DA:16,4
DA:19,1
DA:20,1
DA:21,1
DA:22,0
DA:24,1
DA:25,1
DA:31,4
LF:11
LH:10
BRDA:21,0,0,0
BRDA:21,0,1,1
BRF:2
BRH:1
end_of_record
TN:
SF:schemas\npwpStatus.js
FN:16,(anonymous_0)
FNF:1
FNH:0
FNDA:0,(anonymous_0)
DA:1,4
DA:2,4
DA:4,4
DA:14,4
DA:17,0
DA:18,0
DA:19,0
DA:20,0
DA:22,0
DA:28,4
LF:10
LH:5
BRF:0
BRH:0
end_of_record
TN:
SF:schemas\report.js
FN:52,(anonymous_0)
FN:60,(anonymous_1)
FN:71,(anonymous_2)
FN:81,(anonymous_3)
FN:90,(anonymous_4)
FNF:5
FNH:4
FNDA:3,(anonymous_0)
FNDA:4,(anonymous_1)
FNDA:3,(anonymous_2)
FNDA:0,(anonymous_3)
FNDA:4,(anonymous_4)
DA:1,4
DA:2,4
DA:4,4
DA:50,4
DA:53,3
DA:54,3
DA:55,3
DA:57,0
DA:61,4
DA:62,4
DA:63,4
DA:64,3
DA:66,1
DA:72,3
DA:73,3
DA:74,3
DA:75,3
DA:76,3
DA:78,0
DA:82,0
DA:83,0
DA:84,0
DA:85,0
DA:87,0
DA:91,4
DA:92,4
DA:93,4
DA:94,4
DA:96,0
DA:102,4
LF:30
LH:22
BRF:0
BRH:0
end_of_record
TN:
SF:schemas\sendEmail.js
FN:25,(anonymous_0)
FNF:1
FNH:0
FNDA:0,(anonymous_0)
DA:1,4
DA:2,4
DA:4,4
DA:23,4
DA:26,0
DA:27,0
DA:28,0
DA:29,0
DA:31,0
DA:37,4
LF:10
LH:5
BRF:0
BRH:0
end_of_record
TN:
SF:schemas\user.js
FN:51,(anonymous_0)
FN:62,(anonymous_1)
FN:78,(anonymous_2)
FNF:3
FNH:3
FNDA:6,(anonymous_0)
FNDA:3,(anonymous_1)
FNDA:4,(anonymous_2)
DA:1,4
DA:2,4
DA:3,4
DA:4,4
DA:5,4
DA:7,4
DA:49,4
DA:52,6
DA:53,6
DA:54,6
DA:55,3
DA:57,3
DA:63,3
DA:64,3
DA:65,3
DA:67,3
DA:68,0
DA:71,3
DA:73,3
DA:75,0
DA:79,4
DA:80,4
DA:81,4
DA:82,0
DA:84,4
DA:85,4
DA:86,1
DA:88,2
DA:93,2
DA:97,1
DA:103,4
LF:31
LH:28
BRDA:67,0,0,0
BRDA:67,0,1,3
BRDA:81,1,0,0
BRDA:81,1,1,4
BRDA:81,2,0,4
BRDA:81,2,1,4
BRDA:85,3,0,1
BRDA:85,3,1,2
BRF:8
BRH:6
end_of_record
